[2024-11-05 05:40:20] local.ERROR: SQLSTATE[42S01]: Base table or view already exists: 1050 Table 'miningproperties' already exists (SQL: create table `miningProperties` (`id` int unsigned not null auto_increment primary key, `server_id` int unsigned not null, `address` varchar(45) not null, `protocol` varchar(255) not null, `port` int unsigned not null, `status` tinyint(1) not null default '0', `created_at` timestamp null, `updated_at` timestamp null) default character set utf8mb4 collate 'utf8mb4_unicode_ci') {"exception":"[object] (Illuminate\\Database\\QueryException(code: 42S01): SQLSTATE[42S01]: Base table or view already exists: 1050 Table 'miningproperties' already exists (SQL: create table `miningProperties` (`id` int unsigned not null auto_increment primary key, `server_id` int unsigned not null, `address` varchar(45) not null, `protocol` varchar(255) not null, `port` int unsigned not null, `status` tinyint(1) not null default '0', `created_at` timestamp null, `updated_at` timestamp null) default character set utf8mb4 collate 'utf8mb4_unicode_ci') at G:\\NT334\\sMaSheD-c4tfl4q.txt\\vendor\\laravel\\framework\\src\\Illuminate\\Database\\Connection.php:664, Doctrine\\DBAL\\Driver\\PDO\\Exception(code: 42S01): SQLSTATE[42S01]: Base table or view already exists: 1050 Table 'miningproperties' already exists at G:\\NT334\\sMaSheD-c4tfl4q.txt\\vendor\\doctrine\\dbal\\lib\\Doctrine\\DBAL\\Driver\\PDO\\Exception.php:18, PDOException(code: 42S01): SQLSTATE[42S01]: Base table or view already exists: 1050 Table 'miningproperties' already exists at G:\\NT334\\sMaSheD-c4tfl4q.txt\\vendor\\doctrine\\dbal\\lib\\Doctrine\\DBAL\\Driver\\PDOStatement.php:117)
[stacktrace]
#0 G:\\NT334\\sMaSheD-c4tfl4q.txt\\vendor\\laravel\\framework\\src\\Illuminate\\Database\\Connection.php(624): Illuminate\\Database\\Connection->runQueryCallback('create table `m...', Array, Object(Closure))
#1 G:\\NT334\\sMaSheD-c4tfl4q.txt\\vendor\\laravel\\framework\\src\\Illuminate\\Database\\Connection.php(459): Illuminate\\Database\\Connection->run('create table `m...', Array, Object(Closure))
#2 G:\\NT334\\sMaSheD-c4tfl4q.txt\\vendor\\laravel\\framework\\src\\Illuminate\\Database\\Schema\\Blueprint.php(97): Illuminate\\Database\\Connection->statement('create table `m...')
#3 G:\\NT334\\sMaSheD-c4tfl4q.txt\\vendor\\laravel\\framework\\src\\Illuminate\\Database\\Schema\\Builder.php(278): Illuminate\\Database\\Schema\\Blueprint->build(Object(Illuminate\\Database\\MySqlConnection), Object(Illuminate\\Database\\Schema\\Grammars\\MySqlGrammar))
#4 G:\\NT334\\sMaSheD-c4tfl4q.txt\\vendor\\laravel\\framework\\src\\Illuminate\\Database\\Schema\\Builder.php(167): Illuminate\\Database\\Schema\\Builder->build(Object(Illuminate\\Database\\Schema\\Blueprint))
#5 G:\\NT334\\sMaSheD-c4tfl4q.txt\\vendor\\laravel\\framework\\src\\Illuminate\\Support\\Facades\\Facade.php(239): Illuminate\\Database\\Schema\\Builder->create('miningPropertie...', Object(Closure))
#6 G:\\NT334\\sMaSheD-c4tfl4q.txt\\database\\migrations\\2018_03_24_102638_create_miningProperty_table.php(25): Illuminate\\Support\\Facades\\Facade::__callStatic('create', Array)
#7 G:\\NT334\\sMaSheD-c4tfl4q.txt\\vendor\\laravel\\framework\\src\\Illuminate\\Database\\Migrations\\Migrator.php(387): CreateMiningPropertyTable->up()
#8 G:\\NT334\\sMaSheD-c4tfl4q.txt\\vendor\\laravel\\framework\\src\\Illuminate\\Database\\Migrations\\Migrator.php(396): Illuminate\\Database\\Migrations\\Migrator->Illuminate\\Database\\Migrations\\{closure}()
#9 G:\\NT334\\sMaSheD-c4tfl4q.txt\\vendor\\laravel\\framework\\src\\Illuminate\\Database\\Migrations\\Migrator.php(197): Illuminate\\Database\\Migrations\\Migrator->runMigration(Object(CreateMiningPropertyTable), 'up')
#10 G:\\NT334\\sMaSheD-c4tfl4q.txt\\vendor\\laravel\\framework\\src\\Illuminate\\Database\\Migrations\\Migrator.php(162): Illuminate\\Database\\Migrations\\Migrator->runUp('G:\\\\NT334\\\\sMaShe...', 6, false)
#11 G:\\NT334\\sMaSheD-c4tfl4q.txt\\vendor\\laravel\\framework\\src\\Illuminate\\Database\\Migrations\\Migrator.php(109): Illuminate\\Database\\Migrations\\Migrator->runPending(Array, Array)
#12 G:\\NT334\\sMaSheD-c4tfl4q.txt\\vendor\\laravel\\framework\\src\\Illuminate\\Database\\Console\\Migrations\\MigrateCommand.php(71): Illuminate\\Database\\Migrations\\Migrator->run(Array, Array)
#13 [internal function]: Illuminate\\Database\\Console\\Migrations\\MigrateCommand->handle()
#14 G:\\NT334\\sMaSheD-c4tfl4q.txt\\vendor\\laravel\\framework\\src\\Illuminate\\Container\\BoundMethod.php(32): call_user_func_array(Array, Array)
#15 G:\\NT334\\sMaSheD-c4tfl4q.txt\\vendor\\laravel\\framework\\src\\Illuminate\\Container\\BoundMethod.php(90): Illuminate\\Container\\BoundMethod::Illuminate\\Container\\{closure}()
#16 G:\\NT334\\sMaSheD-c4tfl4q.txt\\vendor\\laravel\\framework\\src\\Illuminate\\Container\\BoundMethod.php(34): Illuminate\\Container\\BoundMethod::callBoundMethod(Object(Illuminate\\Foundation\\Application), Array, Object(Closure))
#17 G:\\NT334\\sMaSheD-c4tfl4q.txt\\vendor\\laravel\\framework\\src\\Illuminate\\Container\\Container.php(576): Illuminate\\Container\\BoundMethod::call(Object(Illuminate\\Foundation\\Application), Array, Array, NULL)
#18 G:\\NT334\\sMaSheD-c4tfl4q.txt\\vendor\\laravel\\framework\\src\\Illuminate\\Console\\Command.php(183): Illuminate\\Container\\Container->call(Array)
#19 G:\\NT334\\sMaSheD-c4tfl4q.txt\\vendor\\symfony\\console\\Command\\Command.php(255): Illuminate\\Console\\Command->execute(Object(Symfony\\Component\\Console\\Input\\ArgvInput), Object(Illuminate\\Console\\OutputStyle))
#20 G:\\NT334\\sMaSheD-c4tfl4q.txt\\vendor\\laravel\\framework\\src\\Illuminate\\Console\\Command.php(170): Symfony\\Component\\Console\\Command\\Command->run(Object(Symfony\\Component\\Console\\Input\\ArgvInput), Object(Illuminate\\Console\\OutputStyle))
#21 G:\\NT334\\sMaSheD-c4tfl4q.txt\\vendor\\symfony\\console\\Application.php(1009): Illuminate\\Console\\Command->run(Object(Symfony\\Component\\Console\\Input\\ArgvInput), Object(Symfony\\Component\\Console\\Output\\ConsoleOutput))
#22 G:\\NT334\\sMaSheD-c4tfl4q.txt\\vendor\\symfony\\console\\Application.php(273): Symfony\\Component\\Console\\Application->doRunCommand(Object(Illuminate\\Database\\Console\\Migrations\\MigrateCommand), Object(Symfony\\Component\\Console\\Input\\ArgvInput), Object(Symfony\\Component\\Console\\Output\\ConsoleOutput))
#23 G:\\NT334\\sMaSheD-c4tfl4q.txt\\vendor\\symfony\\console\\Application.php(149): Symfony\\Component\\Console\\Application->doRun(Object(Symfony\\Component\\Console\\Input\\ArgvInput), Object(Symfony\\Component\\Console\\Output\\ConsoleOutput))
#24 G:\\NT334\\sMaSheD-c4tfl4q.txt\\vendor\\laravel\\framework\\src\\Illuminate\\Console\\Application.php(90): Symfony\\Component\\Console\\Application->run(Object(Symfony\\Component\\Console\\Input\\ArgvInput), Object(Symfony\\Component\\Console\\Output\\ConsoleOutput))
#25 G:\\NT334\\sMaSheD-c4tfl4q.txt\\vendor\\laravel\\framework\\src\\Illuminate\\Foundation\\Console\\Kernel.php(133): Illuminate\\Console\\Application->run(Object(Symfony\\Component\\Console\\Input\\ArgvInput), Object(Symfony\\Component\\Console\\Output\\ConsoleOutput))
#26 G:\\NT334\\sMaSheD-c4tfl4q.txt\\artisan(35): Illuminate\\Foundation\\Console\\Kernel->handle(Object(Symfony\\Component\\Console\\Input\\ArgvInput), Object(Symfony\\Component\\Console\\Output\\ConsoleOutput))
#27 {main}
"} 
[2024-11-05 05:48:11] local.ERROR: Maximum execution time of 60 seconds exceeded {"userId":6,"exception":"[object] (Symfony\\Component\\Debug\\Exception\\FatalErrorException(code: 1): Maximum execution time of 60 seconds exceeded at G:\\NT334\\sMaSheD-c4tfl4q.txt\\vendor\\laravel\\framework\\src\\Illuminate\\Foundation\\Bootstrap\\HandleExceptions.php:68)
[stacktrace]
#0 {main}
"} 
[2024-11-05 05:57:58] local.ERROR: Maximum execution time of 60 seconds exceeded {"userId":6,"exception":"[object] (Symfony\\Component\\Debug\\Exception\\FatalErrorException(code: 1): Maximum execution time of 60 seconds exceeded at G:\\NT334\\sMaSheD-c4tfl4q.txt\\app\\Services\\RefreshService.php:429)
[stacktrace]
#0 {main}
"} 
[2024-11-05 06:04:21] local.ERROR: Maximum execution time of 60 seconds exceeded {"userId":6,"exception":"[object] (Symfony\\Component\\Debug\\Exception\\FatalErrorException(code: 1): Maximum execution time of 60 seconds exceeded at G:\\NT334\\sMaSheD-c4tfl4q.txt\\vendor\\laravel\\framework\\src\\Illuminate\\Foundation\\Bootstrap\\HandleExceptions.php:68)
[stacktrace]
#0 {main}
"} 
